Build started 27/11/2014 23:22:46.
     1>Project "C:\Users\Paulo\Documents\Visual Studio 2013\Projects\VisualAutomation\VisualAutomation\VisualAutomation.vcxproj" on node 2 (Build target(s)).
     1>ClCompile:
         C:\Program Files (x86)\Microsoft Visual Studio 12.0\VC\bin\CL.exe /c /IC:\opencv249\build\include /ZI /nologo /W3 /WX- /sdl /Od /Oy- /D WIN32 /D _WINDOWS /D _DEBUG /D _UNICODE /D UNICODE /D _AFXDLL /Gm /EHsc /RTC1 /MDd /GS /fp:precise /Zc:wchar_t /Zc:forScope /Yu"stdafx.h" /Fp"Debug\VisualAutomation.pch" /Fo"Debug\\" /Fd"Debug\vc120.pdb" /Gd /TP /analyze- /errorReport:prompt XMLLoader.cpp
         XMLLoader.cpp
     1>c:\users\paulo\documents\visual studio 2013\projects\visualautomation\visualautomation\xmlloader.cpp(136): warning C4244: '=' : conversion from 'float' to 'int', possible loss of data
     1>c:\users\paulo\documents\visual studio 2013\projects\visualautomation\visualautomation\xmlloader.cpp(137): warning C4244: 'argument' : conversion from 'int' to 'float', possible loss of data
       Link:
         C:\Program Files (x86)\Microsoft Visual Studio 12.0\VC\bin\link.exe /ERRORREPORT:PROMPT /OUT:"C:\Users\Paulo\Documents\Visual Studio 2013\Projects\VisualAutomation\Debug\VisualAutomation.exe" /INCREMENTAL /NOLOGO /LIBPATH:C:\opencv249\build\x86\vc12\lib opencv_calib3d249d.lib opencv_contrib249d.lib opencv_core249d.lib opencv_features2d249d.lib opencv_flann249d.lib opencv_gpu249d.lib opencv_highgui249d.lib opencv_imgproc249d.lib opencv_legacy249d.lib opencv_ml249d.lib opencv_nonfree249d.lib opencv_objdetect249d.lib opencv_ocl249d.lib opencv_photo249d.lib opencv_stitching249d.lib opencv_superres249d.lib opencv_ts249d.lib opencv_video249d.lib opencv_videostab249d.lib /MANIFEST /MANIFESTUAC:"level='asInvoker' uiAccess='false'" /manifest:embed /manifestinput:"C:\Program Files (x86)\Microsoft Visual Studio 12.0\VC\Include\Manifest\dpiaware.manifest" /DEBUG /PDB:"C:\Users\Paulo\Documents\Visual Studio 2013\Projects\VisualAutomation\Debug\VisualAutomation.pdb" /SUBSYSTEM:WINDOWS /TLBID:1 /ENTRY:"wWinMainCRTStartup" /DYNAMICBASE /NXCOMPAT /IMPLIB:"C:\Users\Paulo\Documents\Visual Studio 2013\Projects\VisualAutomation\Debug\VisualAutomation.lib" /MACHINE:X86 Debug\VisualAutomation.res
         Debug\Camera.obj
         Debug\Constants.obj
         Debug\Detection.obj
         Debug\DialogCalib.obj
         Debug\DialogConn.obj
         Debug\DialogVision.obj
         Debug\DlgProxy.obj
         Debug\stdafx.obj
         Debug\VisualAutomation.obj
         Debug\VisualAutomationDlg.obj
         Debug\VisualRecognition.obj
         Debug\XMLLoader.obj
         VisualAutomation.vcxproj -> C:\Users\Paulo\Documents\Visual Studio 2013\Projects\VisualAutomation\Debug\VisualAutomation.exe
       RegisterOutput:
         "C:\Users\Paulo\Documents\Visual Studio 2013\Projects\VisualAutomation\Debug\VisualAutomation.exe" /RegServer
     1>Done Building Project "C:\Users\Paulo\Documents\Visual Studio 2013\Projects\VisualAutomation\VisualAutomation\VisualAutomation.vcxproj" (Build target(s)).

Build succeeded.

Time Elapsed 00:00:01.10
