Build started 02/12/2014 07:23:53.
     1>Project "C:\Users\Paulo\Documents\Visual Studio 2013\Projects\VisualAutomation\VisualAutomation\VisualAutomation.vcxproj" on node 2 (Build target(s)).
     1>ClCompile:
         C:\Program Files (x86)\Microsoft Visual Studio 12.0\VC\bin\CL.exe /c /I"C:\Program Files\IDS\uEye\Develop\include" /IC:\opencv249\build\include /Zi /nologo /W3 /WX- /sdl /O2 /Oi /Oy- /GL /D WIN32 /D _WINDOWS /D NDEBUG /D _UNICODE /D UNICODE /Gm- /EHsc /MT /GS /Gy /fp:precise /Zc:wchar_t /Zc:forScope /Yc"stdafx.h" /Fp"Release\VisualAutomation.pch" /Fo"Release\\" /Fd"Release\vc120.pdb" /Gd /TP /analyze- /errorReport:prompt stdafx.cpp
         stdafx.cpp
     1>C:\Program Files (x86)\Microsoft Visual Studio 12.0\VC\atlmfc\include\afxv_w32.h(15): warning C4005: 'WINVER' : macro redefinition
                 C:\Program Files (x86)\Windows Kits\8.1\Include\shared\SDKDDKVer.h(215) : see previous definition of 'WINVER'
     1>C:\Program Files (x86)\Microsoft Visual Studio 12.0\VC\atlmfc\include\afxv_w32.h(16): warning C4005: '_WIN32_WINNT' : macro redefinition
                 C:\Program Files (x86)\Windows Kits\8.1\Include\shared\SDKDDKVer.h(200) : see previous definition of '_WIN32_WINNT'
         C:\Program Files (x86)\Microsoft Visual Studio 12.0\VC\bin\CL.exe /c /I"C:\Program Files\IDS\uEye\Develop\include" /IC:\opencv249\build\include /Zi /nologo /W3 /WX- /sdl /O2 /Oi /Oy- /GL /D WIN32 /D _WINDOWS /D NDEBUG /D _UNICODE /D UNICODE /Gm- /EHsc /MT /GS /Gy /fp:precise /Zc:wchar_t /Zc:forScope /Yu"stdafx.h" /Fp"Release\VisualAutomation.pch" /Fo"Release\\" /Fd"Release\vc120.pdb" /Gd /TP /analyze- /errorReport:prompt Camera.cpp Constants.cpp Detection.cpp DialogCalib.cpp DialogConn.cpp DialogVision.cpp DlgProxy.cpp VisualAutomation.cpp VisualAutomationDlg.cpp VisualRecognition.cpp XMLLoader.cpp
         Camera.cpp
         Constants.cpp
     1>Constants.cpp(58): warning C4244: '=' : conversion from 'float' to 'int', possible loss of data
     1>Constants.cpp(64): warning C4244: 'return' : conversion from 'int' to 'float', possible loss of data
         Detection.cpp
     1>Detection.cpp(241): warning C4101: 'rowL' : unreferenced local variable
     1>Detection.cpp(241): warning C4101: 'col2L' : unreferenced local variable
     1>Detection.cpp(241): warning C4101: 'colR' : unreferenced local variable
     1>Detection.cpp(241): warning C4101: 'rowB' : unreferenced local variable
     1>Detection.cpp(241): warning C4101: 'rowR' : unreferenced local variable
     1>Detection.cpp(241): warning C4101: 'colL' : unreferenced local variable
     1>Detection.cpp(241): warning C4101: 'rowM' : unreferenced local variable
     1>Detection.cpp(380): warning C4244: 'initializing' : conversion from 'int' to 'float', possible loss of data
     1>Detection.cpp(386): warning C4244: 'initializing' : conversion from 'double' to 'float', possible loss of data
         DialogCalib.cpp
     1>c:\users\paulo\documents\visual studio 2013\projects\visualautomation\visualautomation\XMLLoader.h(7): warning C4192: automatically excluding 'ISequentialStream' while importing type library 'msxml6.dll'
     1>c:\users\paulo\documents\visual studio 2013\projects\visualautomation\visualautomation\XMLLoader.h(7): warning C4192: automatically excluding '_FILETIME' while importing type library 'msxml6.dll'
         DialogConn.cpp
         DialogVision.cpp
         DlgProxy.cpp
         VisualAutomation.cpp
         VisualAutomationDlg.cpp
         VisualRecognition.cpp
     1>VisualRecognition.cpp(1): warning C4627: '#include <thread>': skipped when looking for precompiled header use
                 Add directive to 'stdafx.h' or rebuild precompiled header
         XMLLoader.cpp
     1>XMLLoader.cpp(3): warning C4192: automatically excluding 'ISequentialStream' while importing type library 'msxml6.dll'
     1>XMLLoader.cpp(3): warning C4192: automatically excluding '_FILETIME' while importing type library 'msxml6.dll'
     1>XMLLoader.cpp(141): warning C4244: '=' : conversion from 'float' to 'int', possible loss of data
     1>XMLLoader.cpp(142): warning C4244: 'argument' : conversion from 'int' to 'float', possible loss of data
       ResourceCompile:
         C:\Program Files (x86)\Windows Kits\8.1\bin\x86\rc.exe /D NDEBUG /D _UNICODE /D UNICODE /l"0x0409" /IRelease\ /nologo /fo"Release\VisualAutomation.res" VisualAutomation.rc 
       Link:
         C:\Program Files (x86)\Microsoft Visual Studio 12.0\VC\bin\link.exe /ERRORREPORT:PROMPT /OUT:"C:\Users\Paulo\Documents\Visual Studio 2013\Projects\VisualAutomation\Release\VisualAutomation.exe" /INCREMENTAL:NO /NOLOGO /LIBPATH:"C:\Program Files\IDS\uEye\Develop\Lib" /LIBPATH:C:\opencv249\build\x86\vc12\lib ueye_api.lib opencv_calib3d249.lib opencv_contrib249.lib opencv_core249.lib opencv_features2d249.lib opencv_flann249.lib opencv_gpu249.lib opencv_highgui249.lib opencv_imgproc249.lib opencv_legacy249.lib opencv_ml249.lib opencv_nonfree249.lib opencv_objdetect249.lib opencv_ocl249.lib opencv_photo249.lib opencv_stitching249.lib opencv_superres249.lib opencv_ts249.lib opencv_video249.lib opencv_videostab249.lib /MANIFEST /MANIFESTUAC:"level='asInvoker' uiAccess='false'" /manifest:embed /manifestinput:"C:\Program Files (x86)\Microsoft Visual Studio 12.0\VC\Include\Manifest\dpiaware.manifest" /DEBUG /PDB:"C:\Users\Paulo\Documents\Visual Studio 2013\Projects\VisualAutomation\Release\VisualAutomation.pdb" /SUBSYSTEM:WINDOWS /OPT:REF /OPT:ICF /LTCG /TLBID:1 /ENTRY:"wWinMainCRTStartup" /DYNAMICBASE /NXCOMPAT /IMPLIB:"C:\Users\Paulo\Documents\Visual Studio 2013\Projects\VisualAutomation\Release\VisualAutomation.lib" /MACHINE:X86 /SAFESEH Release\VisualAutomation.res
         Release\Camera.obj
         Release\Constants.obj
         Release\Detection.obj
         Release\DialogCalib.obj
         Release\DialogConn.obj
         Release\DialogVision.obj
         Release\DlgProxy.obj
         Release\stdafx.obj
         Release\VisualAutomation.obj
         Release\VisualAutomationDlg.obj
         Release\VisualRecognition.obj
         Release\XMLLoader.obj
         Generating code
         Finished generating code
         VisualAutomation.vcxproj -> C:\Users\Paulo\Documents\Visual Studio 2013\Projects\VisualAutomation\Release\VisualAutomation.exe
       RegisterOutput:
         "C:\Users\Paulo\Documents\Visual Studio 2013\Projects\VisualAutomation\Release\VisualAutomation.exe" /RegServer
     1>Done Building Project "C:\Users\Paulo\Documents\Visual Studio 2013\Projects\VisualAutomation\VisualAutomation\VisualAutomation.vcxproj" (Build target(s)).

Build succeeded.

Time Elapsed 00:00:14.50
